<?xml version="1.0" encoding="UTF-8"?>
<Site BuildName="Win32-ninja"
	BuildStamp="20231119-0227-Experimental"
	Name="LAPTOP-P3O89193"
	Generator="ctest-3.27.4"
	CompilerName="C:/msys64/mingw64/bin/g++.exe"
	CompilerVersion="13.2.0"
	OSName="Windows"
	Hostname="LAPTOP-P3O89193"
	OSRelease=" Personal"
	OSVersion=" (Build 22621)"
	OSPlatform="AMD64"
	Is64Bits="1"
	VendorString=""
	VendorID="Unknown Manufacturer"
	FamilyID="0"
	ModelID="0"
	ProcessorCacheSize="0"
	NumberOfLogicalCPU="8"
	NumberOfPhysicalCPU="4"
	TotalVirtualMemory="15181"
	TotalPhysicalMemory="8013"
	LogicalProcessorsPerPhysical="2"
	ProcessorClockFrequency="2112"
	>
	<Testing>
		<StartDateTime>Nov 19 11:47 Hora oficial do Brasil</StartDateTime>
		<StartTestTime>1700405222</StartTestTime>
		<TestList/>
		<EndDateTime>Nov 19 11:47 Hora oficial do Brasil</EndDateTime>
		<EndTestTime>1700405222</EndTestTime>
		<ElapsedMinutes>0</ElapsedMinutes>
	</Testing>
</Site>
